<?xml version="1.0" encoding="UTF-8"?>
<testsuite xmlns:xsi="http://www.w3.org/2001/XMLSchema-instance" xsi:noNamespaceSchemaLocation="https://maven.apache.org/surefire/maven-surefire-plugin/xsd/surefire-test-report.xsd" version="3.0.2" name="com.smartcampus.smart_campus_backend.SmartCampusBackendApplicationTests" time="6.086" tests="1" errors="0" skipped="0" failures="0" flakes="0">
  <properties>
[...]
</properties>
  <testcase name="contextLoads" classname="com.smartcampus.smart_campus_backend.SmartCampusBackendApplicationTests" time="0.793">
    <system-out><![CDATA[22:19:59.831 [main] INFO org.springframework.test.context.support.AnnotationConfigContextLoaderUtils -- Could not detect default configuration classes for test class [com.smartcampus.smart_campus_backend.SmartCampusBackendApplicationTests]: SmartCampusBackendApplicationTests does not declare any static, non-private, non-final, nested classes annotated with @Configuration.
22:19:59.974 [main] INFO org.springframework.boot.test.context.SpringBootTestContextBootstrapper -- Found @SpringBootConfiguration com.smartcampus.smart_campus_backend.SmartCampusBackendApplication for test class com.smartcampus.smart_campus_backend.SmartCampusBackendApplicationTests
22:20:00.230 [main] INFO org.springframework.boot.devtools.restart.RestartApplicationListener -- Restart disabled due to context in which it is running

  .   ____          _            __ _ _
 /\\ / ___'_ __ _ _(_)_ __  __ _ \ \ \ \
( ( )\___ | '_ | '_| | '_ \/ _` | \ \ \ \
 \\/  ___)| |_)| | | | | || (_| |  ) ) ) )
  '  |____| .__|_| |_|_| |_\__, | / / / /
 =========|_|==============|___/=/_/_/_/

 :: Spring Boot ::               (v3.5.14)

2026-04-25T22:20:00.585+05:30  INFO 13308 --- [smart-campus-backend] [           main] c.s.s.SmartCampusBackendApplicationTests : Starting SmartCampusBackendApplicationTests using Java 17.0.18 with PID 13308 (started by Atheek in C:\Users\Atheek\Desktop\sliit doc\y3\sem1\IT3030 PAF\Booking\-it3030-paf-2026-smart-campus-y3s1-we-27-\smart-campus-backend)
2026-04-25T22:20:00.587+05:30  INFO 13308 --- [smart-campus-backend] [           main] c.s.s.SmartCampusBackendApplicationTests : No active profile set, falling back to 1 default profile: "default"
2026-04-25T22:20:01.697+05:30  INFO 13308 --- [smart-campus-backend] [           main] .s.d.r.c.RepositoryConfigurationDelegate : Bootstrapping Spring Data MongoDB repositories in DEFAULT mode.
2026-04-25T22:20:01.800+05:30  INFO 13308 --- [smart-campus-backend] [           main] .s.d.r.c.RepositoryConfigurationDelegate : Finished Spring Data repository scanning in 88 ms. Found 3 MongoDB repository interfaces.
2026-04-25T22:20:02.622+05:30  INFO 13308 --- [smart-campus-backend] [72y.mongodb.net] org.mongodb.driver.cluster               : Adding discovered server ac-crsojp1-shard-00-02.r4zg72y.mongodb.net:27017 to client view of cluster
2026-04-25T22:20:02.658+05:30  INFO 13308 --- [smart-campus-backend] [           main] org.mongodb.driver.client                : MongoClient with metadata {"application": {"name": "paf"}, "driver": {"name": "mongo-java-driver|sync|spring-boot", "version": "5.5.2"}, "os": {"type": "Windows", "name": "Windows 11", "architecture": "amd64", "version": "10.0"}, "platform": "Java/Eclipse Adoptium/17.0.18+8"} created with settings MongoClientSettings{readPreference=primary, writeConcern=WriteConcern{w=null, wTimeout=null ms, journal=null}, retryWrites=true, retryReads=true, readConcern=ReadConcern{level=null}, credential=MongoCredential{mechanism=null, userName='gpasindu47_db_user', source='admin', password=<hidden>, mechanismProperties=<hidden>}, transportSettings=null, commandListeners=[], codecRegistry=ProvidersCodecRegistry{codecProviders=[ValueCodecProvider{}, BsonValueCodecProvider{}, DBRefCodecProvider{}, DBObjectCodecProvider{}, DocumentCodecProvider{}, CollectionCodecProvider{}, IterableCodecProvider{}, MapCodecProvider{}, GeoJsonCodecProvider{}, GridFSFileCodecProvider{}, Jsr310CodecProvider{}, JsonObjectCodecProvider{}, BsonCodecProvider{}, EnumCodecProvider{}, com.mongodb.client.model.mql.ExpressionCodecProvider@5934153e, com.mongodb.Jep395RecordCodecProvider@3bb9ca38, com.mongodb.KotlinCodecProvider@160e99e0]}, loggerSettings=LoggerSettings{maxDocumentLength=1000}, clusterSettings={hosts=[127.0.0.1:27017], srvHost=paf.r4zg72y.mongodb.net, srvServiceName=mongodb, mode=MULTIPLE, requiredClusterType=REPLICA_SET, requiredReplicaSetName='atlas-146jq3-shard-0', serverSelector='null', clusterListeners='[]', serverSelectionTimeout='30000 ms', localThreshold='15 ms'}, socketSettings=SocketSettings{connectTimeoutMS=10000, readTimeoutMS=0, receiveBufferSize=0, proxySettings=ProxySettings{host=null, port=null, username=null, password=null}}, heartbeatSocketSettings=SocketSettings{connectTimeoutMS=10000, readTimeoutMS=10000, receiveBufferSize=0, proxySettings=ProxySettings{host=null, port=null, username=null, password=null}}, connectionPoolSettings=ConnectionPoolSettings{maxSize=100, minSize=0, maxWaitTimeMS=120000, maxConnectionLifeTimeMS=0, maxConnectionIdleTimeMS=0, maintenanceInitialDelayMS=0, maintenanceFrequencyMS=60000, connectionPoolListeners=[], maxConnecting=2}, serverSettings=ServerSettings{heartbeatFrequencyMS=10000, minHeartbeatFrequencyMS=500, serverMonitoringMode=AUTO, serverListeners='[]', serverMonitorListeners='[]'}, sslSettings=SslSettings{enabled=true, invalidHostNameAllowed=false, context=null}, applicationName='paf', compressorList=[], uuidRepresentation=JAVA_LEGACY, serverApi=null, autoEncryptionSettings=null, dnsClient=null, inetAddressResolver=null, contextProvider=null, timeoutMS=null}
2026-04-25T22:20:02.690+05:30  INFO 13308 --- [smart-campus-backend] [72y.mongodb.net] org.mongodb.driver.cluster               : Adding discovered server ac-crsojp1-shard-00-01.r4zg72y.mongodb.net:27017 to client view of cluster
2026-04-25T22:20:02.693+05:30  INFO 13308 --- [smart-campus-backend] [72y.mongodb.net] org.mongodb.driver.cluster               : Adding discovered server ac-crsojp1-shard-00-00.r4zg72y.mongodb.net:27017 to client view of cluster
2026-04-25T22:20:03.996+05:30  WARN 13308 --- [smart-campus-backend] [           main] .s.s.UserDetailsServiceAutoConfiguration : 

Using generated security password: f6bfc69b-626d-4221-a851-2b06b2ce3eaa

This generated password is for development use only. Your security configuration must be updated before running your application in production.

2026-04-25T22:20:04.012+05:30  INFO 13308 --- [smart-campus-backend] [           main] r$InitializeUserDetailsManagerConfigurer : Global AuthenticationManager configured with UserDetailsService bean with name inMemoryUserDetailsManager
2026-04-25T22:20:04.324+05:30  INFO 13308 --- [smart-campus-backend] [ngodb.net:27017] org.mongodb.driver.cluster               : Monitor thread successfully connected to server with description ServerDescription{address=ac-crsojp1-shard-00-01.r4zg72y.mongodb.net:27017, type=REPLICA_SET_PRIMARY, cryptd=false, state=CONNECTED, ok=true, minWireVersion=0, maxWireVersion=25, maxDocumentSize=16777216, logicalSessionTimeoutMinutes=30, roundTripTimeNanos=1012416900, minRoundTripTimeNanos=0, setName='atlas-146jq3-shard-0', canonicalAddress=ac-crsojp1-shard-00-01.r4zg72y.mongodb.net:27017, hosts=[ac-crsojp1-shard-00-00.r4zg72y.mongodb.net:27017, ac-crsojp1-shard-00-01.r4zg72y.mongodb.net:27017, ac-crsojp1-shard-00-02.r4zg72y.mongodb.net:27017], passives=[], arbiters=[], primary='ac-crsojp1-shard-00-01.r4zg72y.mongodb.net:27017', tagSet=TagSet{[Tag{name='availabilityZone', value='use1-az4'}, Tag{name='cacheState', value='READY'}, Tag{name='diskState', value='READY'}, Tag{name='nodeType', value='ELECTABLE'}, Tag{name='provider', value='AWS'}, Tag{name='region', value='US_EAST_1'}, Tag{name='workloadType', value='OPERATIONAL'}]}, electionId=7fffffff0000000000000277, setVersion=170, topologyVersion=TopologyVersion{processId=69ea50aa1073e3600209433f, counter=6}, lastWriteDate=Sat Apr 25 22:20:04 IST 2026, lastUpdateTimeNanos=743344313784100}
2026-04-25T22:20:04.324+05:30  INFO 13308 --- [smart-campus-backend] [ngodb.net:27017] org.mongodb.driver.cluster               : Monitor thread successfully connected to server with description ServerDescription{address=ac-crsojp1-shard-00-00.r4zg72y.mongodb.net:27017, type=REPLICA_SET_SECONDARY, cryptd=false, state=CONNECTED, ok=true, minWireVersion=0, maxWireVersion=25, maxDocumentSize=16777216, logicalSessionTimeoutMinutes=30, roundTripTimeNanos=1012924700, minRoundTripTimeNanos=0, setName='atlas-146jq3-shard-0', canonicalAddress=ac-crsojp1-shard-00-00.r4zg72y.mongodb.net:27017, hosts=[ac-crsojp1-shard-00-00.r4zg72y.mongodb.net:27017, ac-crsojp1-shard-00-01.r4zg72y.mongodb.net:27017, ac-crsojp1-shard-00-02.r4zg72y.mongodb.net:27017], passives=[], arbiters=[], primary='ac-crsojp1-shard-00-01.r4zg72y.mongodb.net:27017', tagSet=TagSet{[Tag{name='availabilityZone', value='use1-az2'}, Tag{name='cacheState', value='READY'}, Tag{name='diskState', value='READY'}, Tag{name='nodeType', value='ELECTABLE'}, Tag{name='provider', value='AWS'}, Tag{name='region', value='US_EAST_1'}, Tag{name='workloadType', value='OPERATIONAL'}]}, electionId=null, setVersion=170, topologyVersion=TopologyVersion{processId=69ea505206e94934d9668b24, counter=4}, lastWriteDate=Sat Apr 25 22:20:04 IST 2026, lastUpdateTimeNanos=743344313784100}
2026-04-25T22:20:04.324+05:30  INFO 13308 --- [smart-campus-backend] [ngodb.net:27017] org.mongodb.driver.cluster               : Monitor thread successfully connected to server with description ServerDescription{address=ac-crsojp1-shard-00-02.r4zg72y.mongodb.net:27017, type=REPLICA_SET_SECONDARY, cryptd=false, state=CONNECTED, ok=true, minWireVersion=0, maxWireVersion=25, maxDocumentSize=16777216, logicalSessionTimeoutMinutes=30, roundTripTimeNanos=1012339300, minRoundTripTimeNanos=0, setName='atlas-146jq3-shard-0', canonicalAddress=ac-crsojp1-shard-00-02.r4zg72y.mongodb.net:27017, hosts=[ac-crsojp1-shard-00-00.r4zg72y.mongodb.net:27017, ac-crsojp1-shard-00-01.r4zg72y.mongodb.net:27017, ac-crsojp1-shard-00-02.r4zg72y.mongodb.net:27017], passives=[], arbiters=[], primary='ac-crsojp1-shard-00-01.r4zg72y.mongodb.net:27017', tagSet=TagSet{[Tag{name='availabilityZone', value='use1-az6'}, Tag{name='cacheState', value='READY'}, Tag{name='diskState', value='READY'}, Tag{name='nodeType', value='ELECTABLE'}, Tag{name='provider', value='AWS'}, Tag{name='region', value='US_EAST_1'}, Tag{name='workloadType', value='OPERATIONAL'}]}, electionId=null, setVersion=170, topologyVersion=TopologyVersion{processId=69ea510241ac409083d65c91, counter=3}, lastWriteDate=Sat Apr 25 22:20:04 IST 2026, lastUpdateTimeNanos=743344313784100}
2026-04-25T22:20:04.335+05:30  INFO 13308 --- [smart-campus-backend] [ngodb.net:27017] org.mongodb.driver.cluster               : Discovered replica set primary ac-crsojp1-shard-00-01.r4zg72y.mongodb.net:27017 with max election id 7fffffff0000000000000277 and max set version 170
2026-04-25T22:20:04.904+05:30  INFO 13308 --- [smart-campus-backend] [           main] c.s.s.SmartCampusBackendApplicationTests : Started SmartCampusBackendApplicationTests in 4.687 seconds (process running for 5.795)
]]></system-out>
  </testcase>
</testsuite>